#
# There is insufficient memory for the Java Runtime Environment to continue.
# Native memory allocation (mmap) failed to map 65536 bytes for Failed to commit metaspace.
# Possible reasons:
#   The system is out of physical RAM or swap space
#   The process is running with CompressedOops enabled, and the Java Heap may be blocking the growth of the native heap
# Possible solutions:
#   Reduce memory load on the system
#   Increase physical memory or swap space
#   Check if swap backing store is full
#   Decrease Java heap size (-Xmx/-Xms)
#   Decrease number of Java threads
#   Decrease Java thread stack sizes (-Xss)
#   Set larger code cache with -XX:ReservedCodeCacheSize=
#   JVM is running with Unscaled Compressed Oops mode in which the Java heap is
#     placed in the first 4GB address space. The Java Heap base address is the
#     maximum limit for the native heap growth. Please use -XX:HeapBaseMinAddress
#     to set the Java Heap base and to place the Java Heap above 4GB virtual address.
# This output file may be truncated or incomplete.
#
#  Out of Memory Error (virtualSpaceNode.cpp:110), pid=5636, tid=15468
#
# JRE version: Java(TM) SE Runtime Environment (19.0.1+10) (build 19.0.1+10-21)
# Java VM: Java HotSpot(TM) 64-Bit Server VM (19.0.1+10-21, mixed mode, sharing, tiered, compressed oops, compressed class ptrs, g1 gc, windows-amd64)
# No core dump will be written. Minidumps are not enabled by default on client versions of Windows
#

---------------  S U M M A R Y ------------

Command Line: -Dfile.encoding=UTF-8 --module-path=C:\Users\MJ\OneDrive\Documents\NetBeansProjects\Book Store System\build\classes book.store.system.LoginScreen

Host: AMD Ryzen 5 3500U with Radeon Vega Mobile Gfx  , 8 cores, 5G,  Windows 11 , 64 bit Build 22000 (10.0.22000.1219)
Time: Sat Dec 24 14:14:48 2022 India Standard Time elapsed time: 0.641268 seconds (0d 0h 0m 0s)

---------------  T H R E A D  ---------------

Current thread (0x0000016d9a680a40):  JavaThread "main" [_thread_in_vm, id=15468, stack(0x0000005e32700000,0x0000005e32800000)]

Stack: [0x0000005e32700000,0x0000005e32800000]
Native frames: (J=compiled Java code, j=interpreted, Vv=VM code, C=native code)
V  [jvm.dll+0x6ee8fa]
V  [jvm.dll+0x857a1e]
V  [jvm.dll+0x85940e]
V  [jvm.dll+0x859ac3]
V  [jvm.dll+0x28291f]
V  [jvm.dll+0x85369b]
V  [jvm.dll+0x693276]
V  [jvm.dll+0x6932da]
V  [jvm.dll+0x695bd3]
V  [jvm.dll+0x695a9e]
V  [jvm.dll+0x693c9e]
V  [jvm.dll+0x26f4e1]
V  [jvm.dll+0x21e927]
V  [jvm.dll+0x214571]
V  [jvm.dll+0x5aa2d6]
V  [jvm.dll+0x22567a]
V  [jvm.dll+0x7ccb72]
V  [jvm.dll+0x7cdfba]
V  [jvm.dll+0x7ce2e8]
V  [jvm.dll+0x271d6b]
V  [jvm.dll+0x271f8f]
V  [jvm.dll+0x5cb973]
V  [jvm.dll+0x5cdee4]
V  [jvm.dll+0x3ddadc]
V  [jvm.dll+0x3dd572]
C  0x0000016da9b3a13d

Java frames: (J=compiled Java code, j=interpreted, Vv=VM code)
j  javax.swing.UIManager.getLAFState()Ljavax/swing/UIManager$LAFState;+0 java.desktop@19.0.1
j  javax.swing.UIManager.maybeInitialize()V+6 java.desktop@19.0.1
j  javax.swing.UIManager.getUI(Ljavax/swing/JComponent;)Ljavax/swing/plaf/ComponentUI;+0 java.desktop@19.0.1
j  javax.swing.JPanel.updateUI()V+2 java.desktop@19.0.1
j  javax.swing.JPanel.<init>(Ljava/awt/LayoutManager;Z)V+24 java.desktop@19.0.1
j  javax.swing.JPanel.<init>(Z)V+9 java.desktop@19.0.1
j  javax.swing.JPanel.<init>()V+2 java.desktop@19.0.1
j  javax.swing.JRootPane.createGlassPane()Ljava/awt/Component;+4 java.desktop@19.0.1
j  javax.swing.JRootPane.<init>()V+11 java.desktop@19.0.1
j  javax.swing.JFrame.createRootPane()Ljavax/swing/JRootPane;+4 java.desktop@19.0.1
j  javax.swing.JFrame.frameInit()V+16 java.desktop@19.0.1
j  javax.swing.JFrame.<init>()V+20 java.desktop@19.0.1
j  book.store.system.LoginScreen.<init>()V+1
j  book.store.system.LoginScreen.main([Ljava/lang/String;)V+4
v  ~StubRoutines::call_stub 0x0000016da9b1100e

---------------  P R O C E S S  ---------------

Threads class SMR info:
_java_thread_list=0x0000016dbc2a86b0, length=15, elements={
0x0000016d9a680a40, 0x0000016db7bdfb60, 0x0000016db7be24a0, 0x0000016db7be3050,
0x0000016db7be3980, 0x0000016db7be42b0, 0x0000016db7be6bf0, 0x0000016db7beb870,
0x0000016db7bef6e0, 0x0000016db7bf8060, 0x0000016db7bb10b0, 0x0000016dbc187f10,
0x0000016dbc2ec220, 0x0000016dbc265d50, 0x0000016dbc30bfb0
}

Java Threads: ( => current thread )
=>0x0000016d9a680a40 JavaThread "main" [_thread_in_vm, id=15468, stack(0x0000005e32700000,0x0000005e32800000)]
  0x0000016db7bdfb60 JavaThread "Reference Handler" daemon [_thread_blocked, id=9012, stack(0x0000005e32e00000,0x0000005e32f00000)]
  0x0000016db7be24a0 JavaThread "Finalizer" daemon [_thread_blocked, id=21432, stack(0x0000005e32f00000,0x0000005e33000000)]
  0x0000016db7be3050 JavaThread "Signal Dispatcher" daemon [_thread_blocked, id=13656, stack(0x0000005e33000000,0x0000005e33100000)]
  0x0000016db7be3980 JavaThread "Attach Listener" daemon [_thread_blocked, id=14888, stack(0x0000005e33100000,0x0000005e33200000)]
  0x0000016db7be42b0 JavaThread "Service Thread" daemon [_thread_blocked, id=19124, stack(0x0000005e33200000,0x0000005e33300000)]
  0x0000016db7be6bf0 JavaThread "Monitor Deflation Thread" daemon [_thread_blocked, id=7608, stack(0x0000005e33300000,0x0000005e33400000)]
  0x0000016db7beb870 JavaThread "C2 CompilerThread0" daemon [_thread_blocked, id=11556, stack(0x0000005e33400000,0x0000005e33500000)]
  0x0000016db7bef6e0 JavaThread "C1 CompilerThread0" daemon [_thread_blocked, id=9756, stack(0x0000005e33500000,0x0000005e33600000)]
  0x0000016db7bf8060 JavaThread "Sweeper thread" daemon [_thread_blocked, id=27448, stack(0x0000005e33600000,0x0000005e33700000)]
  0x0000016db7bb10b0 JavaThread "Common-Cleaner" daemon [_thread_blocked, id=20488, stack(0x0000005e33700000,0x0000005e33800000)]
  0x0000016dbc187f10 JavaThread "Notification Thread" daemon [_thread_blocked, id=27468, stack(0x0000005e33800000,0x0000005e33900000)]
  0x0000016dbc2ec220 JavaThread "Java2D Disposer" daemon [_thread_blocked, id=19780, stack(0x0000005e33a00000,0x0000005e33b00000)]
  0x0000016dbc265d50 JavaThread "AWT-Shutdown" [_thread_blocked, id=26992, stack(0x0000005e33b00000,0x0000005e33c00000)]
  0x0000016dbc30bfb0 JavaThread "AWT-Windows" daemon [_thread_in_native, id=26944, stack(0x0000005e33c00000,0x0000005e33d00000)]

Other Threads:
  0x0000016db7bbfa80 VMThread "VM Thread" [stack: 0x0000005e32d00000,0x0000005e32e00000] [id=24968]
  0x0000016dbc1d8b30 WatcherThread "VM Periodic Task Thread" [stack: 0x0000005e33900000,0x0000005e33a00000] [id=26680]
  0x0000016d9a6cf280 WorkerThread "GC Thread#0" [stack: 0x0000005e32800000,0x0000005e32900000] [id=5048]
  0x0000016d9a6dc180 ConcurrentGCThread "G1 Main Marker" [stack: 0x0000005e32900000,0x0000005e32a00000] [id=18592]
  0x0000016d9a6dec10 WorkerThread "G1 Conc#0" [stack: 0x0000005e32a00000,0x0000005e32b00000] [id=16008]
  0x0000016db7a7bb80 ConcurrentGCThread "G1 Refine#0" [stack: 0x0000005e32b00000,0x0000005e32c00000] [id=23176]
  0x0000016db7a7c370 ConcurrentGCThread "G1 Service" [stack: 0x0000005e32c00000,0x0000005e32d00000] [id=19488]

Threads with active compile tasks:

VM state: not at safepoint (normal execution)

VM Mutex/Monitor currently owned by a thread:  ([mutex/lock_event])
[0x0000016d9a679c30] Metaspace_lock - owner thread: 0x0000016d9a680a40

Heap address: 0x00000000a0e00000, size: 1522 MB, Compressed Oops mode: 32-bit

CDS archive(s) mapped at: [0x0000000800000000-0x0000000800c40000-0x0000000800c40000), size 12845056, SharedBaseAddress: 0x0000000800000000, ArchiveRelocationMode: 0.
Compressed class space mapped at: 0x0000000801000000-0x0000000841000000, reserved size: 1073741824
Narrow klass base: 0x0000000800000000, Narrow klass shift: 0, Narrow klass range: 0x100000000

GC Precious Log:
 CardTable entry size: 512
 Card Set container configuration: InlinePtr #cards 5 size 8 Array Of Cards #cards 12 size 40 Howl #buckets 4 coarsen threshold 1843 Howl Bitmap #cards 512 size 80 coarsen threshold 460 Card regions per heap region 1 cards per card region 2048
 CPUs: 8 total, 8 available
 Memory: 6081M
 Large Page Support: Disabled
 NUMA Support: Disabled
 Compressed Oops: Enabled (32-bit)
 Heap Region Size: 1M
 Heap Min Capacity: 8M
 Heap Initial Capacity: 96M
 Heap Max Capacity: 1522M
 Pre-touch: Disabled
 Parallel Workers: 8
 Concurrent Workers: 2
 Concurrent Refinement Workers: 8
 Periodic GC: Disabled

Heap:
 garbage-first heap   total 98304K, used 4096K [0x00000000a0e00000, 0x0000000100000000)
  region size 1024K, 5 young (5120K), 0 survivors (0K)
 Metaspace       used 3320K, committed 3456K, reserved 1114112K
  class space    used 320K, committed 384K, reserved 1048576K

Heap Regions: E=young(eden), S=young(survivor), O=old, HS=humongous(starts), HC=humongous(continues), CS=collection set, F=free, OA=open archive, CA=closed archive, TAMS=top-at-mark-start (previous, next)
|   0|0x00000000a0e00000, 0x00000000a0e00000, 0x00000000a0f00000|  0%| F|  |TAMS 0x00000000a0e00000, 0x00000000a0e00000| Untracked 
|   1|0x00000000a0f00000, 0x00000000a0f00000, 0x00000000a1000000|  0%| F|  |TAMS 0x00000000a0f00000, 0x00000000a0f00000| Untracked 
|   2|0x00000000a1000000, 0x00000000a1000000, 0x00000000a1100000|  0%| F|  |TAMS 0x00000000a1000000, 0x00000000a1000000| Untracked 
|   3|0x00000000a1100000, 0x00000000a1100000, 0x00000000a1200000|  0%| F|  |TAMS 0x00000000a1100000, 0x00000000a1100000| Untracked 
|   4|0x00000000a1200000, 0x00000000a1200000, 0x00000000a1300000|  0%| F|  |TAMS 0x00000000a1200000, 0x00000000a1200000| Untracked 
|   5|0x00000000a1300000, 0x00000000a1300000, 0x00000000a1400000|  0%| F|  |TAMS 0x00000000a1300000, 0x00000000a1300000| Untracked 
|   6|0x00000000a1400000, 0x00000000a1400000, 0x00000000a1500000|  0%| F|  |TAMS 0x00000000a1400000, 0x00000000a1400000| Untracked 
|   7|0x00000000a1500000, 0x00000000a1500000, 0x00000000a1600000|  0%| F|  |TAMS 0x00000000a1500000, 0x00000000a1500000| Untracked 
|   8|0x00000000a1600000, 0x00000000a1600000, 0x00000000a1700000|  0%| F|  |TAMS 0x00000000a1600000, 0x00000000a1600000| Untracked 
|   9|0x00000000a1700000, 0x00000000a1700000, 0x00000000a1800000|  0%| F|  |TAMS 0x00000000a1700000, 0x00000000a1700000| Untracked 
|  10|0x00000000a1800000, 0x00000000a1800000, 0x00000000a1900000|  0%| F|  |TAMS 0x00000000a1800000, 0x00000000a1800000| Untracked 
|  11|0x00000000a1900000, 0x00000000a1900000, 0x00000000a1a00000|  0%| F|  |TAMS 0x00000000a1900000, 0x00000000a1900000| Untracked 
|  12|0x00000000a1a00000, 0x00000000a1a00000, 0x00000000a1b00000|  0%| F|  |TAMS 0x00000000a1a00000, 0x00000000a1a00000| Untracked 
|  13|0x00000000a1b00000, 0x00000000a1b00000, 0x00000000a1c00000|  0%| F|  |TAMS 0x00000000a1b00000, 0x00000000a1b00000| Untracked 
|  14|0x00000000a1c00000, 0x00000000a1c00000, 0x00000000a1d00000|  0%| F|  |TAMS 0x00000000a1c00000, 0x00000000a1c00000| Untracked 
|  15|0x00000000a1d00000, 0x00000000a1d00000, 0x00000000a1e00000|  0%| F|  |TAMS 0x00000000a1d00000, 0x00000000a1d00000| Untracked 
|  16|0x00000000a1e00000, 0x00000000a1e00000, 0x00000000a1f00000|  0%| F|  |TAMS 0x00000000a1e00000, 0x00000000a1e00000| Untracked 
|  17|0x00000000a1f00000, 0x00000000a1f00000, 0x00000000a2000000|  0%| F|  |TAMS 0x00000000a1f00000, 0x00000000a1f00000| Untracked 
|  18|0x00000000a2000000, 0x00000000a2000000, 0x00000000a2100000|  0%| F|  |TAMS 0x00000000a2000000, 0x00000000a2000000| Untracked 
|  19|0x00000000a2100000, 0x00000000a2100000, 0x00000000a2200000|  0%| F|  |TAMS 0x00000000a2100000, 0x00000000a2100000| Untracked 
|  20|0x00000000a2200000, 0x00000000a2200000, 0x00000000a2300000|  0%| F|  |TAMS 0x00000000a2200000, 0x00000000a2200000| Untracked 
|  21|0x00000000a2300000, 0x00000000a2300000, 0x00000000a2400000|  0%| F|  |TAMS 0x00000000a2300000, 0x00000000a2300000| Untracked 
|  22|0x00000000a2400000, 0x00000000a2400000, 0x00000000a2500000|  0%| F|  |TAMS 0x00000000a2400000, 0x00000000a2400000| Untracked 
|  23|0x00000000a2500000, 0x00000000a2500000, 0x00000000a2600000|  0%| F|  |TAMS 0x00000000a2500000, 0x00000000a2500000| Untracked 
|  24|0x00000000a2600000, 0x00000000a2600000, 0x00000000a2700000|  0%| F|  |TAMS 0x00000000a2600000, 0x00000000a2600000| Untracked 
|  25|0x00000000a2700000, 0x00000000a2700000, 0x00000000a2800000|  0%| F|  |TAMS 0x00000000a2700000, 0x00000000a2700000| Untracked 
|  26|0x00000000a2800000, 0x00000000a2800000, 0x00000000a2900000|  0%| F|  |TAMS 0x00000000a2800000, 0x00000000a2800000| Untracked 
|  27|0x00000000a2900000, 0x00000000a2900000, 0x00000000a2a00000|  0%| F|  |TAMS 0x00000000a2900000, 0x00000000a2900000| Untracked 
|  28|0x00000000a2a00000, 0x00000000a2a00000, 0x00000000a2b00000|  0%| F|  |TAMS 0x00000000a2a00000, 0x00000000a2a00000| Untracked 
|  29|0x00000000a2b00000, 0x00000000a2b00000, 0x00000000a2c00000|  0%| F|  |TAMS 0x00000000a2b00000, 0x00000000a2b00000| Untracked 
|  30|0x00000000a2c00000, 0x00000000a2c00000, 0x00000000a2d00000|  0%| F|  |TAMS 0x00000000a2c00000, 0x00000000a2c00000| Untracked 
|  31|0x00000000a2d00000, 0x00000000a2d00000, 0x00000000a2e00000|  0%| F|  |TAMS 0x00000000a2d00000, 0x00000000a2d00000| Untracked 
|  32|0x00000000a2e00000, 0x00000000a2e00000, 0x00000000a2f00000|  0%| F|  |TAMS 0x00000000a2e00000, 0x00000000a2e00000| Untracked 
|  33|0x00000000a2f00000, 0x00000000a2f00000, 0x00000000a3000000|  0%| F|  |TAMS 0x00000000a2f00000, 0x00000000a2f00000| Untracked 
|  34|0x00000000a3000000, 0x00000000a3000000, 0x00000000a3100000|  0%| F|  |TAMS 0x00000000a3000000, 0x00000000a3000000| Untracked 
|  35|0x00000000a3100000, 0x00000000a3100000, 0x00000000a3200000|  0%| F|  |TAMS 0x00000000a3100000, 0x00000000a3100000| Untracked 
|  36|0x00000000a3200000, 0x00000000a3200000, 0x00000000a3300000|  0%| F|  |TAMS 0x00000000a3200000, 0x00000000a3200000| Untracked 
|  37|0x00000000a3300000, 0x00000000a3300000, 0x00000000a3400000|  0%| F|  |TAMS 0x00000000a3300000, 0x00000000a3300000| Untracked 
|  38|0x00000000a3400000, 0x00000000a3400000, 0x00000000a3500000|  0%| F|  |TAMS 0x00000000a3400000, 0x00000000a3400000| Untracked 
|  39|0x00000000a3500000, 0x00000000a3500000, 0x00000000a3600000|  0%| F|  |TAMS 0x00000000a3500000, 0x00000000a3500000| Untracked 
|  40|0x00000000a3600000, 0x00000000a3600000, 0x00000000a3700000|  0%| F|  |TAMS 0x00000000a3600000, 0x00000000a3600000| Untracked 
|  41|0x00000000a3700000, 0x00000000a3700000, 0x00000000a3800000|  0%| F|  |TAMS 0x00000000a3700000, 0x00000000a3700000| Untracked 
|  42|0x00000000a3800000, 0x00000000a3800000, 0x00000000a3900000|  0%| F|  |TAMS 0x00000000a3800000, 0x00000000a3800000| Untracked 
|  43|0x00000000a3900000, 0x00000000a3900000, 0x00000000a3a00000|  0%| F|  |TAMS 0x00000000a3900000, 0x00000000a3900000| Untracked 
|  44|0x00000000a3a00000, 0x00000000a3a00000, 0x00000000a3b00000|  0%| F|  |TAMS 0x00000000a3a00000, 0x00000000a3a00000| Untracked 
|  45|0x00000000a3b00000, 0x00000000a3b00000, 0x00000000a3c00000|  0%| F|  |TAMS 0x00000000a3b00000, 0x00000000a3b00000| Untracked 
|  46|0x00000000a3c00000, 0x00000000a3c00000, 0x00000000a3d00000|  0%| F|  |TAMS 0x00000000a3c00000, 0x00000000a3c00000| Untracked 
|  47|0x00000000a3d00000, 0x00000000a3d00000, 0x00000000a3e00000|  0%| F|  |TAMS 0x00000000a3d00000, 0x00000000a3d00000| Untracked 
|  48|0x00000000a3e00000, 0x00000000a3e00000, 0x00000000a3f00000|  0%| F|  |TAMS 0x00000000a3e00000, 0x00000000a3e00000| Untracked 
|  49|0x00000000a3f00000, 0x00000000a3f00000, 0x00000000a4000000|  0%| F|  |TAMS 0x00000000a3f00000, 0x00000000a3f00000| Untracked 
|  50|0x00000000a4000000, 0x00000000a4000000, 0x00000000a4100000|  0%| F|  |TAMS 0x00000000a4000000, 0x00000000a4000000| Untracked 
|  51|0x00000000a4100000, 0x00000000a4100000, 0x00000000a4200000|  0%| F|  |TAMS 0x00000000a4100000, 0x00000000a4100000| Untracked 
|  52|0x00000000a4200000, 0x00000000a4200000, 0x00000000a4300000|  0%| F|  |TAMS 0x00000000a4200000, 0x00000000a4200000| Untracked 
|  53|0x00000000a4300000, 0x00000000a4300000, 0x00000000a4400000|  0%| F|  |TAMS 0x00000000a4300000, 0x00000000a4300000| Untracked 
|  54|0x00000000a4400000, 0x00000000a4400000, 0x00000000a4500000|  0%| F|  |TAMS 0x00000000a4400000, 0x00000000a4400000| Untracked 
|  55|0x00000000a4500000, 0x00000000a4500000, 0x00000000a4600000|  0%| F|  |TAMS 0x00000000a4500000, 0x00000000a4500000| Untracked 
|  56|0x00000000a4600000, 0x00000000a4600000, 0x00000000a4700000|  0%| F|  |TAMS 0x00000000a4600000, 0x00000000a4600000| Untracked 
|  57|0x00000000a4700000, 0x00000000a4700000, 0x00000000a4800000|  0%| F|  |TAMS 0x00000000a4700000, 0x00000000a4700000| Untracked 
|  58|0x00000000a4800000, 0x00000000a4800000, 0x00000000a4900000|  0%| F|  |TAMS 0x00000000a4800000, 0x00000000a4800000| Untracked 
|  59|0x00000000a4900000, 0x00000000a4900000, 0x00000000a4a00000|  0%| F|  |TAMS 0x00000000a4900000, 0x00000000a4900000| Untracked 
|  60|0x00000000a4a00000, 0x00000000a4a00000, 0x00000000a4b00000|  0%| F|  |TAMS 0x00000000a4a00000, 0x00000000a4a00000| Untracked 
|  61|0x00000000a4b00000, 0x00000000a4b00000, 0x00000000a4c00000|  0%| F|  |TAMS 0x00000000a4b00000, 0x00000000a4b00000| Untracked 
|  62|0x00000000a4c00000, 0x00000000a4c00000, 0x00000000a4d00000|  0%| F|  |TAMS 0x00000000a4c00000, 0x00000000a4c00000| Untracked 
|  63|0x00000000a4d00000, 0x00000000a4d00000, 0x00000000a4e00000|  0%| F|  |TAMS 0x00000000a4d00000, 0x00000000a4d00000| Untracked 
|  64|0x00000000a4e00000, 0x00000000a4e00000, 0x00000000a4f00000|  0%| F|  |TAMS 0x00000000a4e00000, 0x00000000a4e00000| Untracked 
|  65|0x00000000a4f00000, 0x00000000a4f00000, 0x00000000a5000000|  0%| F|  |TAMS 0x00000000a4f00000, 0x00000000a4f00000| Untracked 
|  66|0x00000000a5000000, 0x00000000a5000000, 0x00000000a5100000|  0%| F|  |TAMS 0x00000000a5000000, 0x00000000a5000000| Untracked 
|  67|0x00000000a5100000, 0x00000000a5100000, 0x00000000a5200000|  0%| F|  |TAMS 0x00000000a5100000, 0x00000000a5100000| Untracked 
|  68|0x00000000a5200000, 0x00000000a5200000, 0x00000000a5300000|  0%| F|  |TAMS 0x00000000a5200000, 0x00000000a5200000| Untracked 
|  69|0x00000000a5300000, 0x00000000a5300000, 0x00000000a5400000|  0%| F|  |TAMS 0x00000000a5300000, 0x00000000a5300000| Untracked 
|  70|0x00000000a5400000, 0x00000000a5400000, 0x00000000a5500000|  0%| F|  |TAMS 0x00000000a5400000, 0x00000000a5400000| Untracked 
|  71|0x00000000a5500000, 0x00000000a5500000, 0x00000000a5600000|  0%| F|  |TAMS 0x00000000a5500000, 0x00000000a5500000| Untracked 
|  72|0x00000000a5600000, 0x00000000a5600000, 0x00000000a5700000|  0%| F|  |TAMS 0x00000000a5600000, 0x00000000a5600000| Untracked 
|  73|0x00000000a5700000, 0x00000000a5700000, 0x00000000a5800000|  0%| F|  |TAMS 0x00000000a5700000, 0x00000000a5700000| Untracked 
|  74|0x00000000a5800000, 0x00000000a5800000, 0x00000000a5900000|  0%| F|  |TAMS 0x00000000a5800000, 0x00000000a5800000| Untracked 
|  75|0x00000000a5900000, 0x00000000a5900000, 0x00000000a5a00000|  0%| F|  |TAMS 0x00000000a5900000, 0x00000000a5900000| Untracked 
|  76|0x00000000a5a00000, 0x00000000a5a00000, 0x00000000a5b00000|  0%| F|  |TAMS 0x00000000a5a00000, 0x00000000a5a00000| Untracked 
|  77|0x00000000a5b00000, 0x00000000a5b00000, 0x00000000a5c00000|  0%| F|  |TAMS 0x00000000a5b00000, 0x00000000a5b00000| Untracked 
|  78|0x00000000a5c00000, 0x00000000a5c00000, 0x00000000a5d00000|  0%| F|  |TAMS 0x00000000a5c00000, 0x00000000a5c00000| Untracked 
|  79|0x00000000a5d00000, 0x00000000a5d00000, 0x00000000a5e00000|  0%| F|  |TAMS 0x00000000a5d00000, 0x00000000a5d00000| Untracked 
|  80|0x00000000a5e00000, 0x00000000a5e00000, 0x00000000a5f00000|  0%| F|  |TAMS 0x00000000a5e00000, 0x00000000a5e00000| Untracked 
|  81|0x00000000a5f00000, 0x00000000a5f00000, 0x00000000a6000000|  0%| F|  |TAMS 0x00000000a5f00000, 0x00000000a5f00000| Untracked 
|  82|0x00000000a6000000, 0x00000000a6000000, 0x00000000a6100000|  0%| F|  |TAMS 0x00000000a6000000, 0x00000000a6000000| Untracked 
|  83|0x00000000a6100000, 0x00000000a6100000, 0x00000000a6200000|  0%| F|  |TAMS 0x00000000a6100000, 0x00000000a6100000| Untracked 
|  84|0x00000000a6200000, 0x00000000a6200000, 0x00000000a6300000|  0%| F|  |TAMS 0x00000000a6200000, 0x00000000a6200000| Untracked 
|  85|0x00000000a6300000, 0x00000000a6300000, 0x00000000a6400000|  0%| F|  |TAMS 0x00000000a6300000, 0x00000000a6300000| Untracked 
|  86|0x00000000a6400000, 0x00000000a6400000, 0x00000000a6500000|  0%| F|  |TAMS 0x00000000a6400000, 0x00000000a6400000| Untracked 
|  87|0x00000000a6500000, 0x00000000a6500000, 0x00000000a6600000|  0%| F|  |TAMS 0x00000000a6500000, 0x00000000a6500000| Untracked 
|  88|0x00000000a6600000, 0x00000000a6600000, 0x00000000a6700000|  0%| F|  |TAMS 0x00000000a6600000, 0x00000000a6600000| Untracked 
|  89|0x00000000a6700000, 0x00000000a6700000, 0x00000000a6800000|  0%| F|  |TAMS 0x00000000a6700000, 0x00000000a6700000| Untracked 
|  90|0x00000000a6800000, 0x00000000a6800000, 0x00000000a6900000|  0%| F|  |TAMS 0x00000000a6800000, 0x00000000a6800000| Untracked 
|  91|0x00000000a6900000, 0x00000000a6976448, 0x00000000a6a00000| 46%| E|  |TAMS 0x00000000a6900000, 0x00000000a6900000| Complete 
|  92|0x00000000a6a00000, 0x00000000a6b00000, 0x00000000a6b00000|100%| E|CS|TAMS 0x00000000a6a00000, 0x00000000a6a00000| Complete 
|  93|0x00000000a6b00000, 0x00000000a6c00000, 0x00000000a6c00000|100%| E|CS|TAMS 0x00000000a6b00000, 0x00000000a6b00000| Complete 
|  94|0x00000000a6c00000, 0x00000000a6d00000, 0x00000000a6d00000|100%| E|CS|TAMS 0x00000000a6c00000, 0x00000000a6c00000| Complete 
|  95|0x00000000a6d00000, 0x00000000a6e00000, 0x00000000a6e00000|100%| E|CS|TAMS 0x00000000a6d00000, 0x00000000a6d00000| Complete 

Card table byte_map: [0x0000016db1c10000,0x0000016db1f10000] _byte_map_base: 0x0000016db1709000

Marking Bits (Prev, Next): (CMBitMap*) 0x0000016d9a6cf8b0, (CMBitMap*) 0x0000016d9a6cf8f0
 Prev Bits: [0x0000016db2210000, 0x0000016db39d8000)
 Next Bits: [0x0000016db39e0000, 0x0000016db51a8000)

Polling page: 0x0000016d985f0000

Metaspace:

Usage:
  Non-class:      2.93 MB used.
      Class:    320.66 KB used.
       Both:      3.24 MB used.

Virtual space:
  Non-class space:       64.00 MB reserved,       3.00 MB (  5%) committed,  1 nodes.
      Class space:        1.00 GB reserved,     384.00 KB ( <1%) committed,  1 nodes.
             Both:        1.06 GB reserved,       3.38 MB ( <1%) committed. 

Chunk freelists:
   Non-Class:  3.91 MB
       Class:  3.57 MB
        Both:  7.48 MB

MaxMetaspaceSize: unlimited
CompressedClassSpaceSize: 1.00 GB
Initial GC threshold: 21.00 MB
Current GC threshold: 21.00 MB
CDS: on
MetaspaceReclaimPolicy: balanced
 - commit_granule_bytes: 65536.
 - commit_granule_words: 8192.
 - virtual_space_node_default_size: 8388608.
 - enlarge_chunks_in_place: 1.
 - new_chunks_are_fully_committed: 0.
 - uncommit_free_chunks: 1.
 - use_allocation_guard: 0.


Internal statistics:

num_allocs_failed_limit: 0.
num_arena_births: 94.
num_arena_deaths: 0.
num_vsnodes_births: 2.
num_vsnodes_deaths: 0.
num_space_committed: 54.
num_space_uncommitted: 0.
num_chunks_returned_to_freelist: 0.
num_chunks_taken_from_freelist: 96.
num_chunk_merges: 0.
num_chunk_splits: 68.
num_chunks_enlarged: 45.
num_inconsistent_stats: 0.

CodeHeap 'non-profiled nmethods': size=120000Kb used=132Kb max_used=132Kb free=119867Kb
 bounds [0x0000016daa0b0000, 0x0000016daa320000, 0x0000016db15e0000]
CodeHeap 'profiled nmethods': size=120000Kb used=522Kb max_used=522Kb free=119478Kb
 bounds [0x0000016da25e0000, 0x0000016da2850000, 0x0000016da9b10000]
CodeHeap 'non-nmethods': size=5760Kb used=1270Kb max_used=1283Kb free=4489Kb
 bounds [0x0000016da9b10000, 0x0000016da9d80000, 0x0000016daa0b0000]
 total_blobs=894 nmethods=407 adapters=398
 compilation: enabled
              stopped_count=0, restarted_count=0
 full_count=0

Compilation events (20 events):
Event: 0.631 Thread 0x0000016db7bef6e0 nmethod 396 0x0000016da265d790 code [0x0000016da265d9e0, 0x0000016da265e238]
Event: 0.631 Thread 0x0000016db7bef6e0  399       3       java.lang.StringLatin1::compareTo (52 bytes)
Event: 0.632 Thread 0x0000016db7bef6e0 nmethod 399 0x0000016da265e510 code [0x0000016da265e6e0, 0x0000016da265eab8]
Event: 0.632 Thread 0x0000016db7bef6e0  398       3       java.lang.StringLatin1::getChar (9 bytes)
Event: 0.632 Thread 0x0000016db7bef6e0 nmethod 398 0x0000016da265ec90 code [0x0000016da265ee20, 0x0000016da265ef38]
Event: 0.632 Thread 0x0000016db7bef6e0  401       3       java.lang.String::compareTo (9 bytes)
Event: 0.633 Thread 0x0000016db7bef6e0 nmethod 401 0x0000016da265f010 code [0x0000016da265f1c0, 0x0000016da265f3e8]
Event: 0.633 Thread 0x0000016db7bef6e0  402       3       java.lang.String::compareTo (63 bytes)
Event: 0.634 Thread 0x0000016db7bef6e0 nmethod 402 0x0000016da265f490 code [0x0000016da265f6a0, 0x0000016da265fb38]
Event: 0.634 Thread 0x0000016db7bef6e0  403       3       java.lang.StringLatin1::compareTo (14 bytes)
Event: 0.634 Thread 0x0000016db7bef6e0 nmethod 403 0x0000016da265fd10 code [0x0000016da265fec0, 0x0000016da265ffe8]
Event: 0.634 Thread 0x0000016db7bef6e0  397       3       java.util.ImmutableCollections$List12::size (16 bytes)
Event: 0.634 Thread 0x0000016db7bef6e0 nmethod 397 0x0000016da2660110 code [0x0000016da26602c0, 0x0000016da2660458]
Event: 0.635 Thread 0x0000016db7bef6e0  404       3       java.util.HashMap::putVal (300 bytes)
Event: 0.637 Thread 0x0000016db7bef6e0 nmethod 404 0x0000016da2660510 code [0x0000016da26607c0, 0x0000016da2661a18]
Event: 0.637 Thread 0x0000016db7bef6e0  407       3       java.util.IdentityHashMap$IdentityHashMapIterator::hasNext (50 bytes)
Event: 0.637 Thread 0x0000016db7bef6e0 nmethod 407 0x0000016da2661f10 code [0x0000016da26620c0, 0x0000016da2662318]
Event: 0.637 Thread 0x0000016db7bef6e0  406       3       java.util.AbstractMap::<init> (5 bytes)
Event: 0.637 Thread 0x0000016db7bef6e0 nmethod 406 0x0000016da2662410 code [0x0000016da26625c0, 0x0000016da2662718]
Event: 0.637 Thread 0x0000016db7bef6e0  405       1       java.util.concurrent.atomic.AtomicInteger::get (5 bytes)

GC Heap History (0 events):
No events

Dll operation events (6 events):
Event: 0.020 Loaded shared library C:\Program Files\Java\jdk-19\bin\java.dll
Event: 0.041 Loaded shared library C:\Program Files\Java\jdk-19\bin\jsvml.dll
Event: 0.168 Loaded shared library C:\Program Files\Java\jdk-19\bin\net.dll
Event: 0.172 Loaded shared library C:\Program Files\Java\jdk-19\bin\nio.dll
Event: 0.241 Loaded shared library C:\Program Files\Java\jdk-19\bin\jimage.dll
Event: 0.277 Loaded shared library C:\Program Files\Java\jdk-19\bin\awt.dll

Deoptimization events (4 events):
Event: 0.633 Thread 0x0000016d9a680a40 Uncommon trap: trap_request=0xffffff45 fr.pc=0x0000016daa0bf614 relative=0x00000000000009f4
Event: 0.633 Thread 0x0000016d9a680a40 Uncommon trap: reason=unstable_if action=reinterpret pc=0x0000016daa0bf614 method=java.util.HashMap.putVal(ILjava/lang/Object;Ljava/lang/Object;ZZ)Ljava/lang/Object; @ 236 c2
Event: 0.633 Thread 0x0000016d9a680a40 DEOPT PACKING pc=0x0000016daa0bf614 sp=0x0000005e327fdb00
Event: 0.633 Thread 0x0000016d9a680a40 DEOPT UNPACKING pc=0x0000016da9b76da3 sp=0x0000005e327fdab8 mode 2

Classes loaded (20 events):
Event: 0.624 Loading class java/awt/RenderingHints done
Event: 0.624 Loading class sun/awt/SunHints
Event: 0.625 Loading class sun/awt/SunHints done
Event: 0.625 Loading class sun/awt/SunHints$Key
Event: 0.625 Loading class java/awt/RenderingHints$Key
Event: 0.625 Loading class java/awt/RenderingHints$Key done
Event: 0.625 Loading class sun/awt/SunHints$Key done
Event: 0.626 Loading class sun/awt/SunHints$Value
Event: 0.627 Loading class sun/awt/SunHints$Value done
Event: 0.628 Loading class sun/awt/SunHints$LCDContrastKey
Event: 0.628 Loading class sun/awt/SunHints$LCDContrastKey done
Event: 0.629 Loading class java/util/ComparableTimSort
Event: 0.629 Loading class java/util/ComparableTimSort done
Event: 0.632 Loading class java/beans/PropertyChangeEvent
Event: 0.632 Loading class java/beans/PropertyChangeEvent done
Event: 0.633 Loading class java/awt/Toolkit$DesktopPropertyChangeSupport$1
Event: 0.633 Loading class java/awt/Toolkit$DesktopPropertyChangeSupport$1 done
Event: 0.633 Loading class java/util/IdentityHashMap$ValueIterator
Event: 0.633 Loading class java/util/IdentityHashMap$ValueIterator done
Event: 0.637 Loading class sun/swing/SwingUtilities2

Classes unloaded (0 events):
No events

Classes redefined (0 events):
No events

Internal exceptions (8 events):
Event: 0.175 Thread 0x0000016d9a680a40 Exception <a 'sun/nio/fs/WindowsException'{0x00000000a6c45298}> (0x00000000a6c45298) 
thrown [s\open\src\hotspot\share\prims\jni.cpp, line 517]
Event: 0.176 Thread 0x0000016d9a680a40 Exception <a 'sun/nio/fs/WindowsException'{0x00000000a6c45818}> (0x00000000a6c45818) 
thrown [s\open\src\hotspot\share\prims\jni.cpp, line 517]
Event: 0.180 Thread 0x0000016d9a680a40 Exception <a 'sun/nio/fs/WindowsException'{0x00000000a6c47ca8}> (0x00000000a6c47ca8) 
thrown [s\open\src\hotspot\share\prims\jni.cpp, line 517]
Event: 0.180 Thread 0x0000016d9a680a40 Exception <a 'sun/nio/fs/WindowsException'{0x00000000a6c487c0}> (0x00000000a6c487c0) 
thrown [s\open\src\hotspot\share\prims\jni.cpp, line 517]
Event: 0.255 Thread 0x0000016d9a680a40 Exception <a 'java/lang/ClassNotFoundException'{0x00000000a6b70108}: sun/awt/resources/spi/awtProvider> (0x00000000a6b70108) 
thrown [s\open\src\hotspot\share\classfile\systemDictionary.cpp, line 255]
Event: 0.308 Thread 0x0000016d9a680a40 Exception <a 'java/io/FileNotFoundException'{0x00000000a6bc8150}> (0x00000000a6bc8150) 
thrown [s\open\src\hotspot\share\prims\jni.cpp, line 517]
Event: 0.322 Thread 0x0000016d9a680a40 Exception <a 'java/io/FileNotFoundException'{0x00000000a6bf48e8}> (0x00000000a6bf48e8) 
thrown [s\open\src\hotspot\share\prims\jni.cpp, line 517]
Event: 0.416 Thread 0x0000016d9a680a40 Exception <a 'java/lang/NoSuchMethodError'{0x00000000a6a39a20}: 'java.lang.Object java.lang.invoke.DirectMethodHandle$Holder.invokeStaticInit(java.lang.Object)'> (0x00000000a6a39a20) 
thrown [s\open\src\hotspot\share\interpreter\linkResolver.cpp, line 774]

VM Operations (4 events):
Event: 0.183 Executing VM operation: HandshakeAllThreads
Event: 0.183 Executing VM operation: HandshakeAllThreads done
Event: 0.340 Executing VM operation: HandshakeAllThreads
Event: 0.340 Executing VM operation: HandshakeAllThreads done

Events (15 events):
Event: 0.042 Thread 0x0000016d9a680a40 Thread added: 0x0000016d9a680a40
Event: 0.075 Thread 0x0000016db7bdfb60 Thread added: 0x0000016db7bdfb60
Event: 0.076 Thread 0x0000016db7be24a0 Thread added: 0x0000016db7be24a0
Event: 0.076 Thread 0x0000016db7be3050 Thread added: 0x0000016db7be3050
Event: 0.077 Thread 0x0000016db7be3980 Thread added: 0x0000016db7be3980
Event: 0.077 Thread 0x0000016db7be42b0 Thread added: 0x0000016db7be42b0
Event: 0.077 Thread 0x0000016db7be6bf0 Thread added: 0x0000016db7be6bf0
Event: 0.078 Thread 0x0000016db7beb870 Thread added: 0x0000016db7beb870
Event: 0.078 Thread 0x0000016db7bef6e0 Thread added: 0x0000016db7bef6e0
Event: 0.078 Thread 0x0000016db7bf8060 Thread added: 0x0000016db7bf8060
Event: 0.139 Thread 0x0000016db7bb10b0 Thread added: 0x0000016db7bb10b0
Event: 0.211 Thread 0x0000016dbc187f10 Thread added: 0x0000016dbc187f10
Event: 0.419 Thread 0x0000016dbc2ec220 Thread added: 0x0000016dbc2ec220
Event: 0.421 Thread 0x0000016dbc265d50 Thread added: 0x0000016dbc265d50
Event: 0.424 Thread 0x0000016dbc30bfb0 Thread added: 0x0000016dbc30bfb0


Dynamic libraries:
0x00007ff7cbf70000 - 0x00007ff7cbf80000 	C:\Program Files\Java\jdk-19\bin\java.exe
0x00007ffe87080000 - 0x00007ffe87289000 	C:\WINDOWS\SYSTEM32\ntdll.dll
0x00007ffe85440000 - 0x00007ffe854fe000 	C:\WINDOWS\System32\KERNEL32.DLL
0x00007ffe84970000 - 0x00007ffe84ceb000 	C:\WINDOWS\System32\KERNELBASE.dll
0x00007ffe81aa0000 - 0x00007ffe81b32000 	C:\WINDOWS\SYSTEM32\apphelp.dll
0x00007ffe84580000 - 0x00007ffe84691000 	C:\WINDOWS\System32\ucrtbase.dll
0x00007ffe67d80000 - 0x00007ffe67d9b000 	C:\Program Files\Java\jdk-19\bin\VCRUNTIME140.dll
0x00007ffe77840000 - 0x00007ffe77858000 	C:\Program Files\Java\jdk-19\bin\jli.dll
0x00007ffe85590000 - 0x00007ffe8563e000 	C:\WINDOWS\System32\ADVAPI32.dll
0x00007ffe86f90000 - 0x00007ffe87033000 	C:\WINDOWS\System32\msvcrt.dll
0x00007ffe85090000 - 0x00007ffe8512e000 	C:\WINDOWS\System32\sechost.dll
0x00007ffe85660000 - 0x00007ffe85780000 	C:\WINDOWS\System32\RPCRT4.dll
0x00007ffe85cc0000 - 0x00007ffe85e6d000 	C:\WINDOWS\System32\USER32.dll
0x00007ffe84550000 - 0x00007ffe84576000 	C:\WINDOWS\System32\win32u.dll
0x00007ffe73290000 - 0x00007ffe73535000 	C:\WINDOWS\WinSxS\amd64_microsoft.windows.common-controls_6595b64144ccf1df_6.0.22000.120_none_9d947278b86cc467\COMCTL32.dll
0x00007ffe86480000 - 0x00007ffe864a9000 	C:\WINDOWS\System32\GDI32.dll
0x00007ffe84cf0000 - 0x00007ffe84e08000 	C:\WINDOWS\System32\gdi32full.dll
0x00007ffe846a0000 - 0x00007ffe8473d000 	C:\WINDOWS\System32\msvcp_win.dll
0x00007ffe7cfd0000 - 0x00007ffe7cfda000 	C:\WINDOWS\SYSTEM32\VERSION.dll
0x00007ffe84f00000 - 0x00007ffe84f32000 	C:\WINDOWS\System32\IMM32.DLL
0x00007ffe72e90000 - 0x00007ffe72e9c000 	C:\Program Files\Java\jdk-19\bin\vcruntime140_1.dll
0x00007ffe5bb60000 - 0x00007ffe5bbee000 	C:\Program Files\Java\jdk-19\bin\msvcp140.dll
0x00007ffe1c230000 - 0x00007ffe1cef0000 	C:\Program Files\Java\jdk-19\bin\server\jvm.dll
0x00007ffe7f2a0000 - 0x00007ffe7f2d3000 	C:\WINDOWS\SYSTEM32\WINMM.dll
0x00007ffe70ba0000 - 0x00007ffe70ba9000 	C:\WINDOWS\SYSTEM32\WSOCK32.dll
0x00007ffe86700000 - 0x00007ffe8676f000 	C:\WINDOWS\System32\WS2_32.dll
0x00007ffe835d0000 - 0x00007ffe835e8000 	C:\WINDOWS\SYSTEM32\kernel.appcore.dll
0x00007ffe72e00000 - 0x00007ffe72e0a000 	C:\Program Files\Java\jdk-19\bin\jimage.dll
0x00007ffe7d7a0000 - 0x00007ffe7d9c1000 	C:\WINDOWS\SYSTEM32\DBGHELP.DLL
0x00007ffe78900000 - 0x00007ffe78931000 	C:\WINDOWS\SYSTEM32\dbgcore.DLL
0x00007ffe84e10000 - 0x00007ffe84e8f000 	C:\WINDOWS\System32\bcryptPrimitives.dll
0x00007ffe66500000 - 0x00007ffe66526000 	C:\Program Files\Java\jdk-19\bin\java.dll
0x00007ffe542b0000 - 0x00007ffe54387000 	C:\Program Files\Java\jdk-19\bin\jsvml.dll
0x00007ffe867d0000 - 0x00007ffe86f88000 	C:\WINDOWS\System32\SHELL32.dll
0x00007ffe82640000 - 0x00007ffe82ea5000 	C:\WINDOWS\SYSTEM32\windows.storage.dll
0x00007ffe858a0000 - 0x00007ffe85c18000 	C:\WINDOWS\System32\combase.dll
0x00007ffe824d0000 - 0x00007ffe82636000 	C:\WINDOWS\SYSTEM32\wintypes.dll
0x00007ffe85190000 - 0x00007ffe8527a000 	C:\WINDOWS\System32\SHCORE.dll
0x00007ffe85130000 - 0x00007ffe8518d000 	C:\WINDOWS\System32\shlwapi.dll
0x00007ffe84480000 - 0x00007ffe844a1000 	C:\WINDOWS\SYSTEM32\profapi.dll
0x00007ffe66660000 - 0x00007ffe66673000 	C:\Program Files\Java\jdk-19\bin\net.dll
0x00007ffe7ea60000 - 0x00007ffe7eb74000 	C:\WINDOWS\SYSTEM32\WINHTTP.dll
0x00007ffe83a70000 - 0x00007ffe83ad7000 	C:\WINDOWS\system32\mswsock.dll
0x00007ffe64070000 - 0x00007ffe64086000 	C:\Program Files\Java\jdk-19\bin\nio.dll
0x00007ffe392a0000 - 0x00007ffe39431000 	C:\Program Files\Java\jdk-19\bin\awt.dll
0x00007ffe86620000 - 0x00007ffe866f6000 	C:\WINDOWS\System32\OLEAUT32.dll
0x00007ffe81fc0000 - 0x00007ffe81fef000 	C:\WINDOWS\system32\DWMAPI.DLL
0x00007ffe81c50000 - 0x00007ffe81cfc000 	C:\WINDOWS\system32\uxtheme.dll
0x00007ffe38550000 - 0x00007ffe38651000 	C:\WINDOWS\system32\opengl32.dll
0x00007ffe6f450000 - 0x00007ffe6f47d000 	C:\WINDOWS\SYSTEM32\GLU32.dll
0x00007ffe81d40000 - 0x00007ffe81d78000 	C:\WINDOWS\SYSTEM32\dxcore.dll
0x00007ffe85780000 - 0x00007ffe8589d000 	C:\WINDOWS\System32\MSCTF.dll
0x00007ffe85e70000 - 0x00007ffe8600a000 	C:\WINDOWS\System32\ole32.dll
0x00007ffe3be80000 - 0x00007ffe3c026000 	C:\WINDOWS\system32\d3d9.dll
0x00007ffe6c3d0000 - 0x00007ffe6c5ab000 	C:\WINDOWS\System32\DriverStore\FileRepository\u0364341.inf_amd64_c22b73fb0c3a32d3\B364190\aticfx64.dll
0x00007ffe3c360000 - 0x00007ffe3c393000 	C:\WINDOWS\System32\DriverStore\FileRepository\u0364341.inf_amd64_c22b73fb0c3a32d3\B364190\atiu9p64.dll
0x00007ffe3b1e0000 - 0x00007ffe3be76000 	C:\WINDOWS\System32\DriverStore\FileRepository\u0364341.inf_amd64_c22b73fb0c3a32d3\B364190\atiumd64.dll
0x00000000582c0000 - 0x000000005913d000 	C:\WINDOWS\System32\DriverStore\FileRepository\u0364341.inf_amd64_c22b73fb0c3a32d3\B364190\atiumd6a.dll
0x00007ffe84420000 - 0x00007ffe8446d000 	C:\WINDOWS\SYSTEM32\POWRPROF.dll
0x00007ffe84400000 - 0x00007ffe84413000 	C:\WINDOWS\SYSTEM32\UMPDC.dll
0x00007ffe6a740000 - 0x00007ffe6a76f000 	C:\WINDOWS\SYSTEM32\amdihk64.dll
0x00007ffe7b180000 - 0x00007ffe7b1c4000 	C:\WINDOWS\SYSTEM32\directxdatabasehelper.dll
0x00007ffe835f0000 - 0x00007ffe83624000 	C:\WINDOWS\SYSTEM32\ntmarta.dll

dbghelp: loaded successfully - version: 4.0.5 - missing functions: none
symbol engine: initialized successfully - sym options: 0x614 - pdb path: .;C:\Program Files\Java\jdk-19\bin;C:\WINDOWS\SYSTEM32;C:\WINDOWS\WinSxS\amd64_microsoft.windows.common-controls_6595b64144ccf1df_6.0.22000.120_none_9d947278b86cc467;C:\Program Files\Java\jdk-19\bin\server;C:\WINDOWS\System32\DriverStore\FileRepository\u0364341.inf_amd64_c22b73fb0c3a32d3\B364190

VM Arguments:
jvm_args: -Dfile.encoding=UTF-8 --module-path=C:\Users\MJ\OneDrive\Documents\NetBeansProjects\Book Store System\build\classes 
java_command: book.store.system.LoginScreen
java_class_path (initial): C:\Users\MJ\OneDrive\Documents\NetBeansProjects\Book Store System\build\classes
Launcher Type: SUN_STANDARD

[Global flags]
     intx CICompilerCount                          = 4                                         {product} {ergonomic}
     uint ConcGCThreads                            = 2                                         {product} {ergonomic}
     uint G1ConcRefinementThreads                  = 8                                         {product} {ergonomic}
   size_t G1HeapRegionSize                         = 1048576                                   {product} {ergonomic}
    uintx GCDrainStackTargetSize                   = 64                                        {product} {ergonomic}
   size_t InitialHeapSize                          = 100663296                                 {product} {ergonomic}
   size_t MarkStackSize                            = 4194304                                   {product} {ergonomic}
   size_t MaxHeapSize                              = 1595932672                                {product} {ergonomic}
   size_t MaxNewSize                               = 957349888                                 {product} {ergonomic}
   size_t MinHeapDeltaBytes                        = 1048576                                   {product} {ergonomic}
   size_t MinHeapSize                              = 8388608                                   {product} {ergonomic}
    uintx NonNMethodCodeHeapSize                   = 5839372                                {pd product} {ergonomic}
    uintx NonProfiledCodeHeapSize                  = 122909434                              {pd product} {ergonomic}
    uintx ProfiledCodeHeapSize                     = 122909434                              {pd product} {ergonomic}
    uintx ReservedCodeCacheSize                    = 251658240                              {pd product} {ergonomic}
     bool SegmentedCodeCache                       = true                                      {product} {ergonomic}
   size_t SoftMaxHeapSize                          = 1595932672                             {manageable} {ergonomic}
     bool UseCompressedClassPointers               = true                           {product lp64_product} {ergonomic}
     bool UseCompressedOops                        = true                           {product lp64_product} {ergonomic}
     bool UseG1GC                                  = true                                      {product} {ergonomic}
     bool UseLargePagesIndividualAllocation        = false                                  {pd product} {ergonomic}

Logging:
Log output configuration:
 #0: stdout all=warning uptime,level,tags foldmultilines=false
 #1: stderr all=off uptime,level,tags foldmultilines=false

Environment Variables:
PATH=C:\Program Files\Common Files\Oracle\Java\javapath;C:\Python311\Scripts\;C:\Python311\;C:\Program Files\Microsoft\jdk-11.0.12.7-hotspot\bin;C:\Program Files (x86)\Common Files\Oracle\Java\javapath;C:\WINDOWS\system32;C:\WINDOWS;C:\WINDOWS\System32\Wbem;C:\WINDOWS\System32\WindowsPowerShell\v1.0\;C:\WINDOWS\System32\OpenSSH\;C:\Program Files\PuTTY\;C:\Program Files\Git\cmd;C:\Program Files\nodejs\;C:\ProgramData\chocolatey\bin;C:\Program Files\dotnet\;C:\MinGW;C:\Program Files\Go\bin;C:\Users\MJ\.cargo\bin;C:\Program Files\MySQL\MySQL Shell 8.0\bin\;C:\Users\MJ\AppData\Local\Programs\Python\Python310\Scripts\;C:\Users\MJ\AppData\Local\Programs\Python\Python310\;C:\Users\MJ\AppData\Local\Microsoft\WindowsApps;C:\Users\MJ\AppData\Local\Programs\Microsoft VS Code\bin;C:\Users\MJ\AppData\Local\gitkraken\bin;C:\Users\MJ\AppData\Roaming\npm;C:\Users\MJ\AppData\Local\GitHubDesktop\bin;C:\Users\MJ\go\bin
USERNAME=MJ
OS=Windows_NT
PROCESSOR_IDENTIFIER=AMD64 Family 23 Model 24 Stepping 1, AuthenticAMD
TMP=C:\Users\MJ\AppData\Local\Temp
TEMP=C:\Users\MJ\AppData\Local\Temp



---------------  S Y S T E M  ---------------

OS:
 Windows 11 , 64 bit Build 22000 (10.0.22000.1219)
OS uptime: 13 days 5:01 hours

CPU: total 8 (initial active 8) (8 cores per cpu, 2 threads per core) family 23 model 24 stepping 1 microcode 0x0, cx8, cmov, fxsr, ht, mmx, 3dnowpref, sse, sse2, sse3, ssse3, sse4a, sse4.1, sse4.2, popcnt, lzcnt, tsc, tscinvbit, avx, avx2, aes, clmul, bmi1, bmi2, adx, sha, fma, vzeroupper, clflush, clflushopt, rdtscp

Memory: 4k page, system-wide physical 6081M (599M free)
TotalPageFile size 24513M (AvailPageFile size 12M)
current process WorkingSet (physical memory assigned to process): 55M, peak: 55M
current process commit charge ("private bytes"): 198M, peak: 198M

vm_info: Java HotSpot(TM) 64-Bit Server VM (19.0.1+10-21) for windows-amd64 JRE (19.0.1+10-21), built on 2022-09-14T12:45:06Z by "mach5one" with MS VC++ 17.1 (VS2022)

END.
